<?xml version="1.0" encoding="UTF-8"?>
<testsuite name="FactoryMethodTest" tests="1" skipped="0" failures="0" errors="0" timestamp="2024-07-05T03:20:05" hostname="mm-ahamed-6qh2w" time="0.021">
  <properties/>
  <testcase name="currencyTest()" classname="FactoryMethodTest" time="0.021"/>
  <system-out><![CDATA[EUR
]]></system-out>
  <system-err><![CDATA[]]></system-err>
</testsuite>
